INFO - 2023-07-06 12:05:04 --> Session: Class initialized using 'CodeIgniter\Session\Handlers\FileHandler' driver.
INFO - 2023-07-06 12:05:05 --> Session: Class initialized using 'CodeIgniter\Session\Handlers\FileHandler' driver.
INFO - 2023-07-06 12:05:43 --> Session: Class initialized using 'CodeIgniter\Session\Handlers\FileHandler' driver.
INFO - 2023-07-06 12:05:43 --> Session: Class initialized using 'CodeIgniter\Session\Handlers\FileHandler' driver.
INFO - 2023-07-06 12:05:50 --> Session: Class initialized using 'CodeIgniter\Session\Handlers\FileHandler' driver.
CRITICAL - 2023-07-06 12:05:50 --> Undefined array key "is_aktif"
in APPPATH\Views\pages\kelola-user.php on line 24.
 1 APPPATH\Views\pages\kelola-user.php(24): CodeIgniter\Debug\Exceptions->errorHandler(2, 'Undefined array key "is_aktif"', 'C:\\xampp\\htdocs\\latihan_ci4\\app\\Views\\pages\\kelola-user.php', 24)
 2 SYSTEMPATH\View\View.php(224): include('C:\\xampp\\htdocs\\latihan_ci4\\app\\Views\\pages\\kelola-user.php')
 3 SYSTEMPATH\View\View.php(227): CodeIgniter\View\View->CodeIgniter\View\{closure}()
 4 SYSTEMPATH\Common.php(1180): CodeIgniter\View\View->render('pages/kelola-user', [], true)
 5 APPPATH\Controllers\KelolaUserController.php(22): view('pages/kelola-user', [...])
 6 SYSTEMPATH\CodeIgniter.php(932): App\Controllers\KelolaUserController->index()
 7 SYSTEMPATH\CodeIgniter.php(497): CodeIgniter\CodeIgniter->runController(Object(App\Controllers\KelolaUserController))
 8 SYSTEMPATH\CodeIgniter.php(366): CodeIgniter\CodeIgniter->handleRequest(null, Object(Config\Cache), false)
 9 FCPATH\index.php(67): CodeIgniter\CodeIgniter->run()
INFO - 2023-07-06 12:08:34 --> Session: Class initialized using 'CodeIgniter\Session\Handlers\FileHandler' driver.
INFO - 2023-07-06 12:08:39 --> Session: Class initialized using 'CodeIgniter\Session\Handlers\FileHandler' driver.
WARNING - 2023-07-06 12:08:39 --> [DEPRECATED] Creation of dynamic property App\Controllers\ProdukController::$validation is deprecated in APPPATH\Controllers\ProdukController.php on line 13.
 1 SYSTEMPATH\CodeIgniter.php(904): App\Controllers\ProdukController->__construct()
 2 SYSTEMPATH\CodeIgniter.php(488): CodeIgniter\CodeIgniter->createController()
 3 SYSTEMPATH\CodeIgniter.php(366): CodeIgniter\CodeIgniter->handleRequest(null, Object(Config\Cache), false)
 4 FCPATH\index.php(67): CodeIgniter\CodeIgniter->run()
INFO - 2023-07-06 12:08:43 --> Session: Class initialized using 'CodeIgniter\Session\Handlers\FileHandler' driver.
INFO - 2023-07-06 12:08:43 --> Session: Class initialized using 'CodeIgniter\Session\Handlers\FileHandler' driver.
INFO - 2023-07-06 12:08:54 --> Session: Class initialized using 'CodeIgniter\Session\Handlers\FileHandler' driver.
INFO - 2023-07-06 12:08:54 --> Session: Class initialized using 'CodeIgniter\Session\Handlers\FileHandler' driver.
INFO - 2023-07-06 12:08:57 --> Session: Class initialized using 'CodeIgniter\Session\Handlers\FileHandler' driver.
INFO - 2023-07-06 12:08:57 --> Cart Class Initialized
INFO - 2023-07-06 12:09:12 --> Session: Class initialized using 'CodeIgniter\Session\Handlers\FileHandler' driver.
INFO - 2023-07-06 12:09:12 --> Session: Class initialized using 'CodeIgniter\Session\Handlers\FileHandler' driver.
INFO - 2023-07-06 12:09:29 --> Session: Class initialized using 'CodeIgniter\Session\Handlers\FileHandler' driver.
INFO - 2023-07-06 12:09:35 --> Session: Class initialized using 'CodeIgniter\Session\Handlers\FileHandler' driver.
INFO - 2023-07-06 12:09:35 --> Session: Class initialized using 'CodeIgniter\Session\Handlers\FileHandler' driver.
INFO - 2023-07-06 12:10:08 --> Session: Class initialized using 'CodeIgniter\Session\Handlers\FileHandler' driver.
INFO - 2023-07-06 12:10:20 --> Session: Class initialized using 'CodeIgniter\Session\Handlers\FileHandler' driver.
INFO - 2023-07-06 12:10:20 --> Session: Class initialized using 'CodeIgniter\Session\Handlers\FileHandler' driver.
INFO - 2023-07-06 12:10:34 --> Session: Class initialized using 'CodeIgniter\Session\Handlers\FileHandler' driver.
INFO - 2023-07-06 12:10:34 --> Session: Class initialized using 'CodeIgniter\Session\Handlers\FileHandler' driver.
INFO - 2023-07-06 12:10:40 --> Session: Class initialized using 'CodeIgniter\Session\Handlers\FileHandler' driver.
WARNING - 2023-07-06 12:10:40 --> [DEPRECATED] Creation of dynamic property App\Controllers\ProdukController::$validation is deprecated in APPPATH\Controllers\ProdukController.php on line 13.
 1 SYSTEMPATH\CodeIgniter.php(904): App\Controllers\ProdukController->__construct()
 2 SYSTEMPATH\CodeIgniter.php(488): CodeIgniter\CodeIgniter->createController()
 3 SYSTEMPATH\CodeIgniter.php(366): CodeIgniter\CodeIgniter->handleRequest(null, Object(Config\Cache), false)
 4 FCPATH\index.php(67): CodeIgniter\CodeIgniter->run()
INFO - 2023-07-06 12:10:43 --> Session: Class initialized using 'CodeIgniter\Session\Handlers\FileHandler' driver.
CRITICAL - 2023-07-06 12:10:43 --> Undefined array key "is_aktif"
in APPPATH\Views\pages\kelola-user.php on line 24.
 1 APPPATH\Views\pages\kelola-user.php(24): CodeIgniter\Debug\Exceptions->errorHandler(2, 'Undefined array key "is_aktif"', 'C:\\xampp\\htdocs\\latihan_ci4\\app\\Views\\pages\\kelola-user.php', 24)
 2 SYSTEMPATH\View\View.php(224): include('C:\\xampp\\htdocs\\latihan_ci4\\app\\Views\\pages\\kelola-user.php')
 3 SYSTEMPATH\View\View.php(227): CodeIgniter\View\View->CodeIgniter\View\{closure}()
 4 SYSTEMPATH\Common.php(1180): CodeIgniter\View\View->render('pages/kelola-user', [], true)
 5 APPPATH\Controllers\KelolaUserController.php(22): view('pages/kelola-user', [...])
 6 SYSTEMPATH\CodeIgniter.php(932): App\Controllers\KelolaUserController->index()
 7 SYSTEMPATH\CodeIgniter.php(497): CodeIgniter\CodeIgniter->runController(Object(App\Controllers\KelolaUserController))
 8 SYSTEMPATH\CodeIgniter.php(366): CodeIgniter\CodeIgniter->handleRequest(null, Object(Config\Cache), false)
 9 FCPATH\index.php(67): CodeIgniter\CodeIgniter->run()
INFO - 2023-07-06 12:11:40 --> Session: Class initialized using 'CodeIgniter\Session\Handlers\FileHandler' driver.
WARNING - 2023-07-06 12:11:40 --> [DEPRECATED] Creation of dynamic property App\Controllers\ProdukController::$validation is deprecated in APPPATH\Controllers\ProdukController.php on line 13.
 1 SYSTEMPATH\CodeIgniter.php(904): App\Controllers\ProdukController->__construct()
 2 SYSTEMPATH\CodeIgniter.php(488): CodeIgniter\CodeIgniter->createController()
 3 SYSTEMPATH\CodeIgniter.php(366): CodeIgniter\CodeIgniter->handleRequest(null, Object(Config\Cache), false)
 4 FCPATH\index.php(67): CodeIgniter\CodeIgniter->run()
INFO - 2023-07-06 12:11:44 --> Session: Class initialized using 'CodeIgniter\Session\Handlers\FileHandler' driver.
INFO - 2023-07-06 12:11:44 --> Cart Class Initialized
INFO - 2023-07-06 12:11:48 --> Session: Class initialized using 'CodeIgniter\Session\Handlers\FileHandler' driver.
INFO - 2023-07-06 12:11:48 --> Session: Class initialized using 'CodeIgniter\Session\Handlers\FileHandler' driver.
INFO - 2023-07-06 12:12:09 --> Session: Class initialized using 'CodeIgniter\Session\Handlers\FileHandler' driver.
INFO - 2023-07-06 12:12:58 --> Session: Class initialized using 'CodeIgniter\Session\Handlers\FileHandler' driver.
INFO - 2023-07-06 12:12:59 --> Session: Class initialized using 'CodeIgniter\Session\Handlers\FileHandler' driver.
INFO - 2023-07-06 12:13:08 --> Session: Class initialized using 'CodeIgniter\Session\Handlers\FileHandler' driver.
INFO - 2023-07-06 12:13:08 --> Session: Class initialized using 'CodeIgniter\Session\Handlers\FileHandler' driver.
INFO - 2023-07-06 12:13:11 --> Session: Class initialized using 'CodeIgniter\Session\Handlers\FileHandler' driver.
INFO - 2023-07-06 12:13:11 --> Cart Class Initialized
INFO - 2023-07-06 12:13:12 --> Session: Class initialized using 'CodeIgniter\Session\Handlers\FileHandler' driver.
INFO - 2023-07-06 12:13:16 --> Session: Class initialized using 'CodeIgniter\Session\Handlers\FileHandler' driver.
INFO - 2023-07-06 12:13:16 --> Cart Class Initialized
INFO - 2023-07-06 12:13:16 --> Session: Class initialized using 'CodeIgniter\Session\Handlers\FileHandler' driver.
INFO - 2023-07-06 12:13:19 --> Session: Class initialized using 'CodeIgniter\Session\Handlers\FileHandler' driver.
INFO - 2023-07-06 12:13:19 --> Cart Class Initialized
INFO - 2023-07-06 12:13:19 --> Session: Class initialized using 'CodeIgniter\Session\Handlers\FileHandler' driver.
INFO - 2023-07-06 12:13:21 --> Session: Class initialized using 'CodeIgniter\Session\Handlers\FileHandler' driver.
INFO - 2023-07-06 12:13:21 --> Cart Class Initialized
INFO - 2023-07-06 12:13:26 --> Session: Class initialized using 'CodeIgniter\Session\Handlers\FileHandler' driver.
INFO - 2023-07-06 12:13:26 --> Cart Class Initialized
INFO - 2023-07-06 12:13:26 --> Session: Class initialized using 'CodeIgniter\Session\Handlers\FileHandler' driver.
INFO - 2023-07-06 12:13:26 --> Cart Class Initialized
INFO - 2023-07-06 12:13:30 --> Session: Class initialized using 'CodeIgniter\Session\Handlers\FileHandler' driver.
INFO - 2023-07-06 12:13:30 --> Cart Class Initialized
INFO - 2023-07-06 12:13:34 --> Session: Class initialized using 'CodeIgniter\Session\Handlers\FileHandler' driver.
INFO - 2023-07-06 12:13:34 --> Cart Class Initialized
INFO - 2023-07-06 12:13:37 --> Session: Class initialized using 'CodeIgniter\Session\Handlers\FileHandler' driver.
INFO - 2023-07-06 12:13:37 --> Cart Class Initialized
INFO - 2023-07-06 12:13:38 --> Session: Class initialized using 'CodeIgniter\Session\Handlers\FileHandler' driver.
INFO - 2023-07-06 12:13:38 --> Cart Class Initialized
INFO - 2023-07-06 12:16:53 --> Session: Class initialized using 'CodeIgniter\Session\Handlers\FileHandler' driver.
WARNING - 2023-07-06 12:16:53 --> [DEPRECATED] Creation of dynamic property App\Controllers\ProdukController::$validation is deprecated in APPPATH\Controllers\ProdukController.php on line 13.
 1 SYSTEMPATH\CodeIgniter.php(904): App\Controllers\ProdukController->__construct()
 2 SYSTEMPATH\CodeIgniter.php(488): CodeIgniter\CodeIgniter->createController()
 3 SYSTEMPATH\CodeIgniter.php(366): CodeIgniter\CodeIgniter->handleRequest(null, Object(Config\Cache), false)
 4 FCPATH\index.php(67): CodeIgniter\CodeIgniter->run()
INFO - 2023-07-06 12:16:58 --> Session: Class initialized using 'CodeIgniter\Session\Handlers\FileHandler' driver.
CRITICAL - 2023-07-06 12:16:58 --> Undefined array key "is_aktif"
in APPPATH\Views\pages\kelola-user.php on line 24.
 1 APPPATH\Views\pages\kelola-user.php(24): CodeIgniter\Debug\Exceptions->errorHandler(2, 'Undefined array key "is_aktif"', 'C:\\xampp\\htdocs\\latihan_ci4\\app\\Views\\pages\\kelola-user.php', 24)
 2 SYSTEMPATH\View\View.php(224): include('C:\\xampp\\htdocs\\latihan_ci4\\app\\Views\\pages\\kelola-user.php')
 3 SYSTEMPATH\View\View.php(227): CodeIgniter\View\View->CodeIgniter\View\{closure}()
 4 SYSTEMPATH\Common.php(1180): CodeIgniter\View\View->render('pages/kelola-user', [], true)
 5 APPPATH\Controllers\KelolaUserController.php(22): view('pages/kelola-user', [...])
 6 SYSTEMPATH\CodeIgniter.php(932): App\Controllers\KelolaUserController->index()
 7 SYSTEMPATH\CodeIgniter.php(497): CodeIgniter\CodeIgniter->runController(Object(App\Controllers\KelolaUserController))
 8 SYSTEMPATH\CodeIgniter.php(366): CodeIgniter\CodeIgniter->handleRequest(null, Object(Config\Cache), false)
 9 FCPATH\index.php(67): CodeIgniter\CodeIgniter->run()
INFO - 2023-07-06 12:19:42 --> Session: Class initialized using 'CodeIgniter\Session\Handlers\FileHandler' driver.
CRITICAL - 2023-07-06 12:19:42 --> Undefined array key "is_aktif"
in APPPATH\Views\pages\kelola-user.php on line 24.
 1 APPPATH\Views\pages\kelola-user.php(24): CodeIgniter\Debug\Exceptions->errorHandler(2, 'Undefined array key "is_aktif"', 'C:\\xampp\\htdocs\\latihan_ci4\\app\\Views\\pages\\kelola-user.php', 24)
 2 SYSTEMPATH\View\View.php(224): include('C:\\xampp\\htdocs\\latihan_ci4\\app\\Views\\pages\\kelola-user.php')
 3 SYSTEMPATH\View\View.php(227): CodeIgniter\View\View->CodeIgniter\View\{closure}()
 4 SYSTEMPATH\Common.php(1180): CodeIgniter\View\View->render('pages/kelola-user', [], true)
 5 APPPATH\Controllers\KelolaUserController.php(22): view('pages/kelola-user', [...])
 6 SYSTEMPATH\CodeIgniter.php(932): App\Controllers\KelolaUserController->index()
 7 SYSTEMPATH\CodeIgniter.php(497): CodeIgniter\CodeIgniter->runController(Object(App\Controllers\KelolaUserController))
 8 SYSTEMPATH\CodeIgniter.php(366): CodeIgniter\CodeIgniter->handleRequest(null, Object(Config\Cache), false)
 9 FCPATH\index.php(67): CodeIgniter\CodeIgniter->run()
INFO - 2023-07-06 12:21:13 --> Session: Class initialized using 'CodeIgniter\Session\Handlers\FileHandler' driver.
INFO - 2023-07-06 12:21:16 --> Session: Class initialized using 'CodeIgniter\Session\Handlers\FileHandler' driver.
CRITICAL - 2023-07-06 12:21:16 --> Undefined array key "is_aktif"
in APPPATH\Views\pages\kelola-user.php on line 24.
 1 APPPATH\Views\pages\kelola-user.php(24): CodeIgniter\Debug\Exceptions->errorHandler(2, 'Undefined array key "is_aktif"', 'C:\\xampp\\htdocs\\latihan_ci4\\app\\Views\\pages\\kelola-user.php', 24)
 2 SYSTEMPATH\View\View.php(224): include('C:\\xampp\\htdocs\\latihan_ci4\\app\\Views\\pages\\kelola-user.php')
 3 SYSTEMPATH\View\View.php(227): CodeIgniter\View\View->CodeIgniter\View\{closure}()
 4 SYSTEMPATH\Common.php(1180): CodeIgniter\View\View->render('pages/kelola-user', [], true)
 5 APPPATH\Controllers\KelolaUserController.php(22): view('pages/kelola-user', [...])
 6 SYSTEMPATH\CodeIgniter.php(932): App\Controllers\KelolaUserController->index()
 7 SYSTEMPATH\CodeIgniter.php(497): CodeIgniter\CodeIgniter->runController(Object(App\Controllers\KelolaUserController))
 8 SYSTEMPATH\CodeIgniter.php(366): CodeIgniter\CodeIgniter->handleRequest(null, Object(Config\Cache), false)
 9 FCPATH\index.php(67): CodeIgniter\CodeIgniter->run()
INFO - 2023-07-06 12:23:48 --> Session: Class initialized using 'CodeIgniter\Session\Handlers\FileHandler' driver.
CRITICAL - 2023-07-06 12:23:48 --> Undefined array key "is_aktif"
in APPPATH\Views\pages\kelola-user.php on line 24.
 1 APPPATH\Views\pages\kelola-user.php(24): CodeIgniter\Debug\Exceptions->errorHandler(2, 'Undefined array key "is_aktif"', 'C:\\xampp\\htdocs\\latihan_ci4\\app\\Views\\pages\\kelola-user.php', 24)
 2 SYSTEMPATH\View\View.php(224): include('C:\\xampp\\htdocs\\latihan_ci4\\app\\Views\\pages\\kelola-user.php')
 3 SYSTEMPATH\View\View.php(227): CodeIgniter\View\View->CodeIgniter\View\{closure}()
 4 SYSTEMPATH\Common.php(1180): CodeIgniter\View\View->render('pages/kelola-user', [], true)
 5 APPPATH\Controllers\KelolaUserController.php(22): view('pages/kelola-user', [...])
 6 SYSTEMPATH\CodeIgniter.php(932): App\Controllers\KelolaUserController->index()
 7 SYSTEMPATH\CodeIgniter.php(497): CodeIgniter\CodeIgniter->runController(Object(App\Controllers\KelolaUserController))
 8 SYSTEMPATH\CodeIgniter.php(366): CodeIgniter\CodeIgniter->handleRequest(null, Object(Config\Cache), false)
 9 FCPATH\index.php(67): CodeIgniter\CodeIgniter->run()
INFO - 2023-07-06 12:23:50 --> Session: Class initialized using 'CodeIgniter\Session\Handlers\FileHandler' driver.
CRITICAL - 2023-07-06 12:23:50 --> Undefined array key "is_aktif"
in APPPATH\Views\pages\kelola-user.php on line 24.
 1 APPPATH\Views\pages\kelola-user.php(24): CodeIgniter\Debug\Exceptions->errorHandler(2, 'Undefined array key "is_aktif"', 'C:\\xampp\\htdocs\\latihan_ci4\\app\\Views\\pages\\kelola-user.php', 24)
 2 SYSTEMPATH\View\View.php(224): include('C:\\xampp\\htdocs\\latihan_ci4\\app\\Views\\pages\\kelola-user.php')
 3 SYSTEMPATH\View\View.php(227): CodeIgniter\View\View->CodeIgniter\View\{closure}()
 4 SYSTEMPATH\Common.php(1180): CodeIgniter\View\View->render('pages/kelola-user', [], true)
 5 APPPATH\Controllers\KelolaUserController.php(22): view('pages/kelola-user', [...])
 6 SYSTEMPATH\CodeIgniter.php(932): App\Controllers\KelolaUserController->index()
 7 SYSTEMPATH\CodeIgniter.php(497): CodeIgniter\CodeIgniter->runController(Object(App\Controllers\KelolaUserController))
 8 SYSTEMPATH\CodeIgniter.php(366): CodeIgniter\CodeIgniter->handleRequest(null, Object(Config\Cache), false)
 9 FCPATH\index.php(67): CodeIgniter\CodeIgniter->run()
INFO - 2023-07-06 12:23:56 --> Session: Class initialized using 'CodeIgniter\Session\Handlers\FileHandler' driver.
CRITICAL - 2023-07-06 12:23:56 --> Undefined array key "is_aktif"
in APPPATH\Views\pages\kelola-user.php on line 24.
 1 APPPATH\Views\pages\kelola-user.php(24): CodeIgniter\Debug\Exceptions->errorHandler(2, 'Undefined array key "is_aktif"', 'C:\\xampp\\htdocs\\latihan_ci4\\app\\Views\\pages\\kelola-user.php', 24)
 2 SYSTEMPATH\View\View.php(224): include('C:\\xampp\\htdocs\\latihan_ci4\\app\\Views\\pages\\kelola-user.php')
 3 SYSTEMPATH\View\View.php(227): CodeIgniter\View\View->CodeIgniter\View\{closure}()
 4 SYSTEMPATH\Common.php(1180): CodeIgniter\View\View->render('pages/kelola-user', [], true)
 5 APPPATH\Controllers\KelolaUserController.php(22): view('pages/kelola-user', [...])
 6 SYSTEMPATH\CodeIgniter.php(932): App\Controllers\KelolaUserController->index()
 7 SYSTEMPATH\CodeIgniter.php(497): CodeIgniter\CodeIgniter->runController(Object(App\Controllers\KelolaUserController))
 8 SYSTEMPATH\CodeIgniter.php(366): CodeIgniter\CodeIgniter->handleRequest(null, Object(Config\Cache), false)
 9 FCPATH\index.php(67): CodeIgniter\CodeIgniter->run()
INFO - 2023-07-06 12:23:57 --> Session: Class initialized using 'CodeIgniter\Session\Handlers\FileHandler' driver.
CRITICAL - 2023-07-06 12:23:57 --> Undefined array key "is_aktif"
in APPPATH\Views\pages\kelola-user.php on line 24.
 1 APPPATH\Views\pages\kelola-user.php(24): CodeIgniter\Debug\Exceptions->errorHandler(2, 'Undefined array key "is_aktif"', 'C:\\xampp\\htdocs\\latihan_ci4\\app\\Views\\pages\\kelola-user.php', 24)
 2 SYSTEMPATH\View\View.php(224): include('C:\\xampp\\htdocs\\latihan_ci4\\app\\Views\\pages\\kelola-user.php')
 3 SYSTEMPATH\View\View.php(227): CodeIgniter\View\View->CodeIgniter\View\{closure}()
 4 SYSTEMPATH\Common.php(1180): CodeIgniter\View\View->render('pages/kelola-user', [], true)
 5 APPPATH\Controllers\KelolaUserController.php(22): view('pages/kelola-user', [...])
 6 SYSTEMPATH\CodeIgniter.php(932): App\Controllers\KelolaUserController->index()
 7 SYSTEMPATH\CodeIgniter.php(497): CodeIgniter\CodeIgniter->runController(Object(App\Controllers\KelolaUserController))
 8 SYSTEMPATH\CodeIgniter.php(366): CodeIgniter\CodeIgniter->handleRequest(null, Object(Config\Cache), false)
 9 FCPATH\index.php(67): CodeIgniter\CodeIgniter->run()
INFO - 2023-07-06 12:28:58 --> Session: Class initialized using 'CodeIgniter\Session\Handlers\FileHandler' driver.
INFO - 2023-07-06 12:29:19 --> Session: Class initialized using 'CodeIgniter\Session\Handlers\FileHandler' driver.
INFO - 2023-07-06 12:29:19 --> Cart Class Initialized
INFO - 2023-07-06 12:29:24 --> Session: Class initialized using 'CodeIgniter\Session\Handlers\FileHandler' driver.
CRITICAL - 2023-07-06 12:29:24 --> Undefined array key "is_aktif"
in APPPATH\Views\pages\kelola-user.php on line 24.
 1 APPPATH\Views\pages\kelola-user.php(24): CodeIgniter\Debug\Exceptions->errorHandler(2, 'Undefined array key "is_aktif"', 'C:\\xampp\\htdocs\\latihan_ci4\\app\\Views\\pages\\kelola-user.php', 24)
 2 SYSTEMPATH\View\View.php(224): include('C:\\xampp\\htdocs\\latihan_ci4\\app\\Views\\pages\\kelola-user.php')
 3 SYSTEMPATH\View\View.php(227): CodeIgniter\View\View->CodeIgniter\View\{closure}()
 4 SYSTEMPATH\Common.php(1180): CodeIgniter\View\View->render('pages/kelola-user', [], true)
 5 APPPATH\Controllers\KelolaUserController.php(22): view('pages/kelola-user', [...])
 6 SYSTEMPATH\CodeIgniter.php(932): App\Controllers\KelolaUserController->index()
 7 SYSTEMPATH\CodeIgniter.php(497): CodeIgniter\CodeIgniter->runController(Object(App\Controllers\KelolaUserController))
 8 SYSTEMPATH\CodeIgniter.php(366): CodeIgniter\CodeIgniter->handleRequest(null, Object(Config\Cache), false)
 9 FCPATH\index.php(67): CodeIgniter\CodeIgniter->run()
INFO - 2023-07-06 12:29:56 --> Session: Class initialized using 'CodeIgniter\Session\Handlers\FileHandler' driver.
INFO - 2023-07-06 12:29:56 --> Cart Class Initialized
INFO - 2023-07-06 12:29:58 --> Session: Class initialized using 'CodeIgniter\Session\Handlers\FileHandler' driver.
WARNING - 2023-07-06 12:29:58 --> [DEPRECATED] Creation of dynamic property App\Controllers\ProdukController::$validation is deprecated in APPPATH\Controllers\ProdukController.php on line 13.
 1 SYSTEMPATH\CodeIgniter.php(904): App\Controllers\ProdukController->__construct()
 2 SYSTEMPATH\CodeIgniter.php(488): CodeIgniter\CodeIgniter->createController()
 3 SYSTEMPATH\CodeIgniter.php(366): CodeIgniter\CodeIgniter->handleRequest(null, Object(Config\Cache), false)
 4 FCPATH\index.php(67): CodeIgniter\CodeIgniter->run()
INFO - 2023-07-06 12:29:59 --> Session: Class initialized using 'CodeIgniter\Session\Handlers\FileHandler' driver.
INFO - 2023-07-06 12:30:02 --> Session: Class initialized using 'CodeIgniter\Session\Handlers\FileHandler' driver.
INFO - 2023-07-06 12:30:02 --> Cart Class Initialized
INFO - 2023-07-06 12:30:02 --> Session: Class initialized using 'CodeIgniter\Session\Handlers\FileHandler' driver.
INFO - 2023-07-06 12:30:05 --> Session: Class initialized using 'CodeIgniter\Session\Handlers\FileHandler' driver.
INFO - 2023-07-06 12:30:05 --> Cart Class Initialized
INFO - 2023-07-06 12:30:08 --> Session: Class initialized using 'CodeIgniter\Session\Handlers\FileHandler' driver.
INFO - 2023-07-06 12:30:08 --> Cart Class Initialized
INFO - 2023-07-06 12:30:10 --> Session: Class initialized using 'CodeIgniter\Session\Handlers\FileHandler' driver.
INFO - 2023-07-06 12:30:10 --> Cart Class Initialized
INFO - 2023-07-06 12:30:12 --> Session: Class initialized using 'CodeIgniter\Session\Handlers\FileHandler' driver.
INFO - 2023-07-06 12:31:07 --> Session: Class initialized using 'CodeIgniter\Session\Handlers\FileHandler' driver.
INFO - 2023-07-06 12:31:07 --> Session: Class initialized using 'CodeIgniter\Session\Handlers\FileHandler' driver.
INFO - 2023-07-06 12:31:20 --> Session: Class initialized using 'CodeIgniter\Session\Handlers\FileHandler' driver.
INFO - 2023-07-06 12:31:21 --> Session: Class initialized using 'CodeIgniter\Session\Handlers\FileHandler' driver.
INFO - 2023-07-06 12:31:25 --> Session: Class initialized using 'CodeIgniter\Session\Handlers\FileHandler' driver.
INFO - 2023-07-06 12:31:25 --> Cart Class Initialized
INFO - 2023-07-06 12:31:26 --> Session: Class initialized using 'CodeIgniter\Session\Handlers\FileHandler' driver.
INFO - 2023-07-06 12:31:29 --> Session: Class initialized using 'CodeIgniter\Session\Handlers\FileHandler' driver.
INFO - 2023-07-06 12:31:29 --> Cart Class Initialized
INFO - 2023-07-06 12:31:31 --> Session: Class initialized using 'CodeIgniter\Session\Handlers\FileHandler' driver.
INFO - 2023-07-06 12:31:32 --> Cart Class Initialized
INFO - 2023-07-06 12:31:33 --> Session: Class initialized using 'CodeIgniter\Session\Handlers\FileHandler' driver.
INFO - 2023-07-06 12:31:33 --> Cart Class Initialized
INFO - 2023-07-06 12:32:20 --> Session: Class initialized using 'CodeIgniter\Session\Handlers\FileHandler' driver.
INFO - 2023-07-06 12:32:20 --> Cart Class Initialized
INFO - 2023-07-06 12:32:20 --> Session: Class initialized using 'CodeIgniter\Session\Handlers\FileHandler' driver.
INFO - 2023-07-06 12:32:20 --> Cart Class Initialized
INFO - 2023-07-06 12:33:26 --> Session: Class initialized using 'CodeIgniter\Session\Handlers\FileHandler' driver.
INFO - 2023-07-06 12:33:26 --> Cart Class Initialized
INFO - 2023-07-06 12:33:28 --> Session: Class initialized using 'CodeIgniter\Session\Handlers\FileHandler' driver.
INFO - 2023-07-06 12:33:28 --> Cart Class Initialized
INFO - 2023-07-06 12:33:38 --> Session: Class initialized using 'CodeIgniter\Session\Handlers\FileHandler' driver.
INFO - 2023-07-06 12:33:38 --> Cart Class Initialized
INFO - 2023-07-06 12:33:38 --> Session: Class initialized using 'CodeIgniter\Session\Handlers\FileHandler' driver.
INFO - 2023-07-06 12:33:38 --> Cart Class Initialized
INFO - 2023-07-06 12:33:41 --> Session: Class initialized using 'CodeIgniter\Session\Handlers\FileHandler' driver.
INFO - 2023-07-06 12:36:05 --> Session: Class initialized using 'CodeIgniter\Session\Handlers\FileHandler' driver.
INFO - 2023-07-06 12:36:05 --> Cart Class Initialized
INFO - 2023-07-06 12:36:05 --> Session: Class initialized using 'CodeIgniter\Session\Handlers\FileHandler' driver.
INFO - 2023-07-06 12:36:08 --> Session: Class initialized using 'CodeIgniter\Session\Handlers\FileHandler' driver.
INFO - 2023-07-06 12:36:08 --> Cart Class Initialized
INFO - 2023-07-06 12:36:44 --> Session: Class initialized using 'CodeIgniter\Session\Handlers\FileHandler' driver.
INFO - 2023-07-06 12:36:44 --> Cart Class Initialized
INFO - 2023-07-06 12:36:46 --> Session: Class initialized using 'CodeIgniter\Session\Handlers\FileHandler' driver.
INFO - 2023-07-06 12:36:46 --> Cart Class Initialized
INFO - 2023-07-06 12:37:50 --> Session: Class initialized using 'CodeIgniter\Session\Handlers\FileHandler' driver.
INFO - 2023-07-06 12:37:50 --> Cart Class Initialized
INFO - 2023-07-06 12:37:52 --> Session: Class initialized using 'CodeIgniter\Session\Handlers\FileHandler' driver.
INFO - 2023-07-06 12:37:52 --> Cart Class Initialized
INFO - 2023-07-06 12:37:56 --> Session: Class initialized using 'CodeIgniter\Session\Handlers\FileHandler' driver.
INFO - 2023-07-06 12:37:56 --> Cart Class Initialized
INFO - 2023-07-06 12:37:59 --> Session: Class initialized using 'CodeIgniter\Session\Handlers\FileHandler' driver.
INFO - 2023-07-06 12:37:59 --> Cart Class Initialized
INFO - 2023-07-06 12:38:00 --> Session: Class initialized using 'CodeIgniter\Session\Handlers\FileHandler' driver.
INFO - 2023-07-06 12:38:00 --> Cart Class Initialized
INFO - 2023-07-06 12:40:15 --> Session: Class initialized using 'CodeIgniter\Session\Handlers\FileHandler' driver.
INFO - 2023-07-06 12:40:15 --> Cart Class Initialized
INFO - 2023-07-06 12:40:16 --> Session: Class initialized using 'CodeIgniter\Session\Handlers\FileHandler' driver.
INFO - 2023-07-06 12:40:16 --> Cart Class Initialized
INFO - 2023-07-06 12:40:21 --> Session: Class initialized using 'CodeIgniter\Session\Handlers\FileHandler' driver.
INFO - 2023-07-06 12:40:21 --> Cart Class Initialized
INFO - 2023-07-06 12:41:09 --> Session: Class initialized using 'CodeIgniter\Session\Handlers\FileHandler' driver.
INFO - 2023-07-06 12:41:09 --> Cart Class Initialized
INFO - 2023-07-06 12:41:10 --> Session: Class initialized using 'CodeIgniter\Session\Handlers\FileHandler' driver.
INFO - 2023-07-06 12:41:10 --> Cart Class Initialized
INFO - 2023-07-06 12:43:15 --> Session: Class initialized using 'CodeIgniter\Session\Handlers\FileHandler' driver.
INFO - 2023-07-06 12:43:15 --> Cart Class Initialized
INFO - 2023-07-06 12:44:01 --> Session: Class initialized using 'CodeIgniter\Session\Handlers\FileHandler' driver.
INFO - 2023-07-06 12:44:01 --> Cart Class Initialized
INFO - 2023-07-06 12:44:02 --> Session: Class initialized using 'CodeIgniter\Session\Handlers\FileHandler' driver.
INFO - 2023-07-06 12:44:02 --> Cart Class Initialized
INFO - 2023-07-06 12:44:03 --> Session: Class initialized using 'CodeIgniter\Session\Handlers\FileHandler' driver.
INFO - 2023-07-06 12:44:03 --> Cart Class Initialized
INFO - 2023-07-06 12:44:05 --> Session: Class initialized using 'CodeIgniter\Session\Handlers\FileHandler' driver.
INFO - 2023-07-06 12:44:05 --> Cart Class Initialized
INFO - 2023-07-06 12:44:54 --> Session: Class initialized using 'CodeIgniter\Session\Handlers\FileHandler' driver.
INFO - 2023-07-06 12:44:54 --> Cart Class Initialized
INFO - 2023-07-06 12:45:44 --> Session: Class initialized using 'CodeIgniter\Session\Handlers\FileHandler' driver.
INFO - 2023-07-06 12:45:44 --> Cart Class Initialized
CRITICAL - 2023-07-06 12:45:44 --> Class "App\Models\TransaksiModel" not found
in APPPATH\Controllers\TransaksiController.php on line 166.
 1 SYSTEMPATH\CodeIgniter.php(932): App\Controllers\TransaksiController->buy()
 2 SYSTEMPATH\CodeIgniter.php(497): CodeIgniter\CodeIgniter->runController(Object(App\Controllers\TransaksiController))
 3 SYSTEMPATH\CodeIgniter.php(366): CodeIgniter\CodeIgniter->handleRequest(null, Object(Config\Cache), false)
 4 FCPATH\index.php(67): CodeIgniter\CodeIgniter->run()
INFO - 2023-07-06 12:48:23 --> Session: Class initialized using 'CodeIgniter\Session\Handlers\FileHandler' driver.
INFO - 2023-07-06 12:48:23 --> Cart Class Initialized
INFO - 2023-07-06 12:48:58 --> Session: Class initialized using 'CodeIgniter\Session\Handlers\FileHandler' driver.
INFO - 2023-07-06 12:48:58 --> Cart Class Initialized
CRITICAL - 2023-07-06 12:48:58 --> Class "App\Models\TransaksiModel" not found
in APPPATH\Controllers\TransaksiController.php on line 166.
 1 SYSTEMPATH\CodeIgniter.php(932): App\Controllers\TransaksiController->buy()
 2 SYSTEMPATH\CodeIgniter.php(497): CodeIgniter\CodeIgniter->runController(Object(App\Controllers\TransaksiController))
 3 SYSTEMPATH\CodeIgniter.php(366): CodeIgniter\CodeIgniter->handleRequest(null, Object(Config\Cache), false)
 4 FCPATH\index.php(67): CodeIgniter\CodeIgniter->run()
INFO - 2023-07-06 12:51:25 --> Session: Class initialized using 'CodeIgniter\Session\Handlers\FileHandler' driver.
INFO - 2023-07-06 12:51:25 --> Cart Class Initialized
ERROR - 2023-07-06 12:51:25 --> mysqli_sql_exception: Table 'toko.transaksi' doesn't exist in C:\xampp\htdocs\latihan_ci4\system\Database\MySQLi\Connection.php:295
Stack trace:
#0 C:\xampp\htdocs\latihan_ci4\system\Database\MySQLi\Connection.php(295): mysqli->query('INSERT INTO `tr...', 0)
#1 C:\xampp\htdocs\latihan_ci4\system\Database\BaseConnection.php(692): CodeIgniter\Database\MySQLi\Connection->execute('INSERT INTO `tr...')
#2 C:\xampp\htdocs\latihan_ci4\system\Database\BaseConnection.php(606): CodeIgniter\Database\BaseConnection->simpleQuery('INSERT INTO `tr...')
#3 C:\xampp\htdocs\latihan_ci4\system\Database\BaseBuilder.php(2309): CodeIgniter\Database\BaseConnection->query('INSERT INTO `tr...', Array, false)
#4 C:\xampp\htdocs\latihan_ci4\system\Model.php(330): CodeIgniter\Database\BaseBuilder->insert()
#5 C:\xampp\htdocs\latihan_ci4\system\BaseModel.php(782): CodeIgniter\Model->doInsert(Array)
#6 C:\xampp\htdocs\latihan_ci4\system\Model.php(730): CodeIgniter\BaseModel->insert(Array, true)
#7 C:\xampp\htdocs\latihan_ci4\app\Controllers\TransaksiController.php(179): CodeIgniter\Model->insert(Array)
#8 C:\xampp\htdocs\latihan_ci4\system\CodeIgniter.php(932): App\Controllers\TransaksiController->buy()
#9 C:\xampp\htdocs\latihan_ci4\system\CodeIgniter.php(497): CodeIgniter\CodeIgniter->runController(Object(App\Controllers\TransaksiController))
#10 C:\xampp\htdocs\latihan_ci4\system\CodeIgniter.php(366): CodeIgniter\CodeIgniter->handleRequest(NULL, Object(Config\Cache), false)
#11 C:\xampp\htdocs\latihan_ci4\index.php(67): CodeIgniter\CodeIgniter->run()
#12 {main}
CRITICAL - 2023-07-06 12:51:25 --> Table 'toko.transaksi' doesn't exist
in SYSTEMPATH\Database\MySQLi\Connection.php on line 295.
 1 SYSTEMPATH\Database\MySQLi\Connection.php(295): mysqli->query('INSERT INTO `transaksi` (`username`, `total_harga`, `alamat`, `ongkir`, `status`, `created_by`, `created_date`) VALUES (\'azra\', \'\', \'Jl. Tanjungsari Dalam VII RT.09 RW.02 Kel. Sumurboto Kec. Banyumanik, Semarang\', \'\', 0, \'azra\', \'2023-07-06 12:51:25\')', 0)
 2 SYSTEMPATH\Database\BaseConnection.php(692): CodeIgniter\Database\MySQLi\Connection->execute('INSERT INTO `transaksi` (`username`, `total_harga`, `alamat`, `ongkir`, `status`, `created_by`, `created_date`) VALUES (\'azra\', \'\', \'Jl. Tanjungsari Dalam VII RT.09 RW.02 Kel. Sumurboto Kec. Banyumanik, Semarang\', \'\', 0, \'azra\', \'2023-07-06 12:51:25\')')
 3 SYSTEMPATH\Database\BaseConnection.php(606): CodeIgniter\Database\BaseConnection->simpleQuery('INSERT INTO `transaksi` (`username`, `total_harga`, `alamat`, `ongkir`, `status`, `created_by`, `created_date`) VALUES (\'azra\', \'\', \'Jl. Tanjungsari Dalam VII RT.09 RW.02 Kel. Sumurboto Kec. Banyumanik, Semarang\', \'\', 0, \'azra\', \'2023-07-06 12:51:25\')')
 4 SYSTEMPATH\Database\BaseBuilder.php(2309): CodeIgniter\Database\BaseConnection->query('INSERT INTO `transaksi` (`username`, `total_harga`, `alamat`, `ongkir`, `status`, `created_by`, `created_date`) VALUES (:username:, :total_harga:, :alamat:, :ongkir:, :status:, :created_by:, :created_date:)', [...], false)
 5 SYSTEMPATH\Model.php(330): CodeIgniter\Database\BaseBuilder->insert()
 6 SYSTEMPATH\BaseModel.php(782): CodeIgniter\Model->doInsert([...])
 7 SYSTEMPATH\Model.php(730): CodeIgniter\BaseModel->insert([...], true)
 8 APPPATH\Controllers\TransaksiController.php(179): CodeIgniter\Model->insert([...])
 9 SYSTEMPATH\CodeIgniter.php(932): App\Controllers\TransaksiController->buy()
10 SYSTEMPATH\CodeIgniter.php(497): CodeIgniter\CodeIgniter->runController(Object(App\Controllers\TransaksiController))
11 SYSTEMPATH\CodeIgniter.php(366): CodeIgniter\CodeIgniter->handleRequest(null, Object(Config\Cache), false)
12 FCPATH\index.php(67): CodeIgniter\CodeIgniter->run()
INFO - 2023-07-06 12:52:09 --> Session: Class initialized using 'CodeIgniter\Session\Handlers\FileHandler' driver.
INFO - 2023-07-06 12:52:09 --> Cart Class Initialized
INFO - 2023-07-06 12:53:14 --> Session: Class initialized using 'CodeIgniter\Session\Handlers\FileHandler' driver.
INFO - 2023-07-06 12:53:14 --> Cart Class Initialized
ERROR - 2023-07-06 12:53:14 --> mysqli_sql_exception: Table 'toko.transaksi' doesn't exist in C:\xampp\htdocs\latihan_ci4\system\Database\MySQLi\Connection.php:295
Stack trace:
#0 C:\xampp\htdocs\latihan_ci4\system\Database\MySQLi\Connection.php(295): mysqli->query('INSERT INTO `tr...', 0)
#1 C:\xampp\htdocs\latihan_ci4\system\Database\BaseConnection.php(692): CodeIgniter\Database\MySQLi\Connection->execute('INSERT INTO `tr...')
#2 C:\xampp\htdocs\latihan_ci4\system\Database\BaseConnection.php(606): CodeIgniter\Database\BaseConnection->simpleQuery('INSERT INTO `tr...')
#3 C:\xampp\htdocs\latihan_ci4\system\Database\BaseBuilder.php(2309): CodeIgniter\Database\BaseConnection->query('INSERT INTO `tr...', Array, false)
#4 C:\xampp\htdocs\latihan_ci4\system\Model.php(330): CodeIgniter\Database\BaseBuilder->insert()
#5 C:\xampp\htdocs\latihan_ci4\system\BaseModel.php(782): CodeIgniter\Model->doInsert(Array)
#6 C:\xampp\htdocs\latihan_ci4\system\Model.php(730): CodeIgniter\BaseModel->insert(Array, true)
#7 C:\xampp\htdocs\latihan_ci4\app\Controllers\TransaksiController.php(179): CodeIgniter\Model->insert(Array)
#8 C:\xampp\htdocs\latihan_ci4\system\CodeIgniter.php(932): App\Controllers\TransaksiController->buy()
#9 C:\xampp\htdocs\latihan_ci4\system\CodeIgniter.php(497): CodeIgniter\CodeIgniter->runController(Object(App\Controllers\TransaksiController))
#10 C:\xampp\htdocs\latihan_ci4\system\CodeIgniter.php(366): CodeIgniter\CodeIgniter->handleRequest(NULL, Object(Config\Cache), false)
#11 C:\xampp\htdocs\latihan_ci4\index.php(67): CodeIgniter\CodeIgniter->run()
#12 {main}
CRITICAL - 2023-07-06 12:53:14 --> Table 'toko.transaksi' doesn't exist
in SYSTEMPATH\Database\MySQLi\Connection.php on line 295.
 1 SYSTEMPATH\Database\MySQLi\Connection.php(295): mysqli->query('INSERT INTO `transaksi` (`username`, `total_harga`, `alamat`, `ongkir`, `status`, `created_by`, `created_date`) VALUES (\'azra\', \'\', \'Jl. Tanjungsari Dalam VII RT.09 RW.02 Kel. Sumurboto Kec. Banyumanik, Semarang\', \'\', 0, \'azra\', \'2023-07-06 12:53:14\')', 0)
 2 SYSTEMPATH\Database\BaseConnection.php(692): CodeIgniter\Database\MySQLi\Connection->execute('INSERT INTO `transaksi` (`username`, `total_harga`, `alamat`, `ongkir`, `status`, `created_by`, `created_date`) VALUES (\'azra\', \'\', \'Jl. Tanjungsari Dalam VII RT.09 RW.02 Kel. Sumurboto Kec. Banyumanik, Semarang\', \'\', 0, \'azra\', \'2023-07-06 12:53:14\')')
 3 SYSTEMPATH\Database\BaseConnection.php(606): CodeIgniter\Database\BaseConnection->simpleQuery('INSERT INTO `transaksi` (`username`, `total_harga`, `alamat`, `ongkir`, `status`, `created_by`, `created_date`) VALUES (\'azra\', \'\', \'Jl. Tanjungsari Dalam VII RT.09 RW.02 Kel. Sumurboto Kec. Banyumanik, Semarang\', \'\', 0, \'azra\', \'2023-07-06 12:53:14\')')
 4 SYSTEMPATH\Database\BaseBuilder.php(2309): CodeIgniter\Database\BaseConnection->query('INSERT INTO `transaksi` (`username`, `total_harga`, `alamat`, `ongkir`, `status`, `created_by`, `created_date`) VALUES (:username:, :total_harga:, :alamat:, :ongkir:, :status:, :created_by:, :created_date:)', [...], false)
 5 SYSTEMPATH\Model.php(330): CodeIgniter\Database\BaseBuilder->insert()
 6 SYSTEMPATH\BaseModel.php(782): CodeIgniter\Model->doInsert([...])
 7 SYSTEMPATH\Model.php(730): CodeIgniter\BaseModel->insert([...], true)
 8 APPPATH\Controllers\TransaksiController.php(179): CodeIgniter\Model->insert([...])
 9 SYSTEMPATH\CodeIgniter.php(932): App\Controllers\TransaksiController->buy()
10 SYSTEMPATH\CodeIgniter.php(497): CodeIgniter\CodeIgniter->runController(Object(App\Controllers\TransaksiController))
11 SYSTEMPATH\CodeIgniter.php(366): CodeIgniter\CodeIgniter->handleRequest(null, Object(Config\Cache), false)
12 FCPATH\index.php(67): CodeIgniter\CodeIgniter->run()
INFO - 2023-07-06 13:06:04 --> Session: Class initialized using 'CodeIgniter\Session\Handlers\FileHandler' driver.
INFO - 2023-07-06 13:06:04 --> Cart Class Initialized
ERROR - 2023-07-06 13:06:04 --> mysqli_sql_exception: Table 'toko.transaksi_detail' doesn't exist in C:\xampp\htdocs\latihan_ci4\system\Database\MySQLi\Connection.php:295
Stack trace:
#0 C:\xampp\htdocs\latihan_ci4\system\Database\MySQLi\Connection.php(295): mysqli->query('INSERT INTO `tr...', 0)
#1 C:\xampp\htdocs\latihan_ci4\system\Database\BaseConnection.php(692): CodeIgniter\Database\MySQLi\Connection->execute('INSERT INTO `tr...')
#2 C:\xampp\htdocs\latihan_ci4\system\Database\BaseConnection.php(606): CodeIgniter\Database\BaseConnection->simpleQuery('INSERT INTO `tr...')
#3 C:\xampp\htdocs\latihan_ci4\system\Database\BaseBuilder.php(2309): CodeIgniter\Database\BaseConnection->query('INSERT INTO `tr...', Array, false)
#4 C:\xampp\htdocs\latihan_ci4\system\Model.php(330): CodeIgniter\Database\BaseBuilder->insert()
#5 C:\xampp\htdocs\latihan_ci4\system\BaseModel.php(782): CodeIgniter\Model->doInsert(Array)
#6 C:\xampp\htdocs\latihan_ci4\system\Model.php(730): CodeIgniter\BaseModel->insert(Array, true)
#7 C:\xampp\htdocs\latihan_ci4\app\Controllers\TransaksiController.php(194): CodeIgniter\Model->insert(Array)
#8 C:\xampp\htdocs\latihan_ci4\system\CodeIgniter.php(932): App\Controllers\TransaksiController->buy()
#9 C:\xampp\htdocs\latihan_ci4\system\CodeIgniter.php(497): CodeIgniter\CodeIgniter->runController(Object(App\Controllers\TransaksiController))
#10 C:\xampp\htdocs\latihan_ci4\system\CodeIgniter.php(366): CodeIgniter\CodeIgniter->handleRequest(NULL, Object(Config\Cache), false)
#11 C:\xampp\htdocs\latihan_ci4\index.php(67): CodeIgniter\CodeIgniter->run()
#12 {main}
CRITICAL - 2023-07-06 13:06:04 --> Table 'toko.transaksi_detail' doesn't exist
in SYSTEMPATH\Database\MySQLi\Connection.php on line 295.
 1 SYSTEMPATH\Database\MySQLi\Connection.php(295): mysqli->query('INSERT INTO `transaksi_detail` (`id_transaksi`, `id_barang`, `jumlah`, `diskon`, `subtotal_harga`, `created_by`, `created_date`) VALUES (0, \'2\', 1, 0, 10000, \'azra\', \'2023-07-06 13:06:04\')', 0)
 2 SYSTEMPATH\Database\BaseConnection.php(692): CodeIgniter\Database\MySQLi\Connection->execute('INSERT INTO `transaksi_detail` (`id_transaksi`, `id_barang`, `jumlah`, `diskon`, `subtotal_harga`, `created_by`, `created_date`) VALUES (0, \'2\', 1, 0, 10000, \'azra\', \'2023-07-06 13:06:04\')')
 3 SYSTEMPATH\Database\BaseConnection.php(606): CodeIgniter\Database\BaseConnection->simpleQuery('INSERT INTO `transaksi_detail` (`id_transaksi`, `id_barang`, `jumlah`, `diskon`, `subtotal_harga`, `created_by`, `created_date`) VALUES (0, \'2\', 1, 0, 10000, \'azra\', \'2023-07-06 13:06:04\')')
 4 SYSTEMPATH\Database\BaseBuilder.php(2309): CodeIgniter\Database\BaseConnection->query('INSERT INTO `transaksi_detail` (`id_transaksi`, `id_barang`, `jumlah`, `diskon`, `subtotal_harga`, `created_by`, `created_date`) VALUES (:id_transaksi:, :id_barang:, :jumlah:, :diskon:, :subtotal_harga:, :created_by:, :created_date:)', [...], false)
 5 SYSTEMPATH\Model.php(330): CodeIgniter\Database\BaseBuilder->insert()
 6 SYSTEMPATH\BaseModel.php(782): CodeIgniter\Model->doInsert([...])
 7 SYSTEMPATH\Model.php(730): CodeIgniter\BaseModel->insert([...], true)
 8 APPPATH\Controllers\TransaksiController.php(194): CodeIgniter\Model->insert([...])
 9 SYSTEMPATH\CodeIgniter.php(932): App\Controllers\TransaksiController->buy()
10 SYSTEMPATH\CodeIgniter.php(497): CodeIgniter\CodeIgniter->runController(Object(App\Controllers\TransaksiController))
11 SYSTEMPATH\CodeIgniter.php(366): CodeIgniter\CodeIgniter->handleRequest(null, Object(Config\Cache), false)
12 FCPATH\index.php(67): CodeIgniter\CodeIgniter->run()
INFO - 2023-07-06 13:06:06 --> Session: Class initialized using 'CodeIgniter\Session\Handlers\FileHandler' driver.
INFO - 2023-07-06 13:06:06 --> Cart Class Initialized
INFO - 2023-07-06 13:06:12 --> Session: Class initialized using 'CodeIgniter\Session\Handlers\FileHandler' driver.
INFO - 2023-07-06 13:06:12 --> Session: Class initialized using 'CodeIgniter\Session\Handlers\FileHandler' driver.
INFO - 2023-07-06 13:06:30 --> Session: Class initialized using 'CodeIgniter\Session\Handlers\FileHandler' driver.
INFO - 2023-07-06 13:06:31 --> Session: Class initialized using 'CodeIgniter\Session\Handlers\FileHandler' driver.
INFO - 2023-07-06 13:06:36 --> Session: Class initialized using 'CodeIgniter\Session\Handlers\FileHandler' driver.
CRITICAL - 2023-07-06 13:06:36 --> Undefined array key "is_aktif"
in APPPATH\Views\pages\kelola-user.php on line 24.
 1 APPPATH\Views\pages\kelola-user.php(24): CodeIgniter\Debug\Exceptions->errorHandler(2, 'Undefined array key "is_aktif"', 'C:\\xampp\\htdocs\\latihan_ci4\\app\\Views\\pages\\kelola-user.php', 24)
 2 SYSTEMPATH\View\View.php(224): include('C:\\xampp\\htdocs\\latihan_ci4\\app\\Views\\pages\\kelola-user.php')
 3 SYSTEMPATH\View\View.php(227): CodeIgniter\View\View->CodeIgniter\View\{closure}()
 4 SYSTEMPATH\Common.php(1180): CodeIgniter\View\View->render('pages/kelola-user', [], true)
 5 APPPATH\Controllers\KelolaUserController.php(22): view('pages/kelola-user', [...])
 6 SYSTEMPATH\CodeIgniter.php(932): App\Controllers\KelolaUserController->index()
 7 SYSTEMPATH\CodeIgniter.php(497): CodeIgniter\CodeIgniter->runController(Object(App\Controllers\KelolaUserController))
 8 SYSTEMPATH\CodeIgniter.php(366): CodeIgniter\CodeIgniter->handleRequest(null, Object(Config\Cache), false)
 9 FCPATH\index.php(67): CodeIgniter\CodeIgniter->run()
INFO - 2023-07-06 13:06:57 --> Session: Class initialized using 'CodeIgniter\Session\Handlers\FileHandler' driver.
INFO - 2023-07-06 13:07:13 --> Session: Class initialized using 'CodeIgniter\Session\Handlers\FileHandler' driver.
INFO - 2023-07-06 13:07:13 --> Session: Class initialized using 'CodeIgniter\Session\Handlers\FileHandler' driver.
INFO - 2023-07-06 13:07:19 --> Session: Class initialized using 'CodeIgniter\Session\Handlers\FileHandler' driver.
INFO - 2023-07-06 13:07:19 --> Session: Class initialized using 'CodeIgniter\Session\Handlers\FileHandler' driver.
INFO - 2023-07-06 13:07:22 --> Session: Class initialized using 'CodeIgniter\Session\Handlers\FileHandler' driver.
INFO - 2023-07-06 13:07:22 --> Cart Class Initialized
INFO - 2023-07-06 13:07:25 --> Session: Class initialized using 'CodeIgniter\Session\Handlers\FileHandler' driver.
INFO - 2023-07-06 13:07:27 --> Session: Class initialized using 'CodeIgniter\Session\Handlers\FileHandler' driver.
INFO - 2023-07-06 13:07:27 --> Cart Class Initialized
INFO - 2023-07-06 13:07:28 --> Session: Class initialized using 'CodeIgniter\Session\Handlers\FileHandler' driver.
INFO - 2023-07-06 13:07:31 --> Session: Class initialized using 'CodeIgniter\Session\Handlers\FileHandler' driver.
INFO - 2023-07-06 13:07:31 --> Cart Class Initialized
INFO - 2023-07-06 13:07:31 --> Session: Class initialized using 'CodeIgniter\Session\Handlers\FileHandler' driver.
INFO - 2023-07-06 13:07:35 --> Session: Class initialized using 'CodeIgniter\Session\Handlers\FileHandler' driver.
INFO - 2023-07-06 13:07:35 --> Cart Class Initialized
INFO - 2023-07-06 13:07:38 --> Session: Class initialized using 'CodeIgniter\Session\Handlers\FileHandler' driver.
INFO - 2023-07-06 13:07:38 --> Cart Class Initialized
INFO - 2023-07-06 13:08:38 --> Session: Class initialized using 'CodeIgniter\Session\Handlers\FileHandler' driver.
INFO - 2023-07-06 13:08:38 --> Cart Class Initialized
ERROR - 2023-07-06 13:08:38 --> mysqli_sql_exception: Table 'toko.transaksi_detail' doesn't exist in C:\xampp\htdocs\latihan_ci4\system\Database\MySQLi\Connection.php:295
Stack trace:
#0 C:\xampp\htdocs\latihan_ci4\system\Database\MySQLi\Connection.php(295): mysqli->query('INSERT INTO `tr...', 0)
#1 C:\xampp\htdocs\latihan_ci4\system\Database\BaseConnection.php(692): CodeIgniter\Database\MySQLi\Connection->execute('INSERT INTO `tr...')
#2 C:\xampp\htdocs\latihan_ci4\system\Database\BaseConnection.php(606): CodeIgniter\Database\BaseConnection->simpleQuery('INSERT INTO `tr...')
#3 C:\xampp\htdocs\latihan_ci4\system\Database\BaseBuilder.php(2309): CodeIgniter\Database\BaseConnection->query('INSERT INTO `tr...', Array, false)
#4 C:\xampp\htdocs\latihan_ci4\system\Model.php(330): CodeIgniter\Database\BaseBuilder->insert()
#5 C:\xampp\htdocs\latihan_ci4\system\BaseModel.php(782): CodeIgniter\Model->doInsert(Array)
#6 C:\xampp\htdocs\latihan_ci4\system\Model.php(730): CodeIgniter\BaseModel->insert(Array, true)
#7 C:\xampp\htdocs\latihan_ci4\app\Controllers\TransaksiController.php(194): CodeIgniter\Model->insert(Array)
#8 C:\xampp\htdocs\latihan_ci4\system\CodeIgniter.php(932): App\Controllers\TransaksiController->buy()
#9 C:\xampp\htdocs\latihan_ci4\system\CodeIgniter.php(497): CodeIgniter\CodeIgniter->runController(Object(App\Controllers\TransaksiController))
#10 C:\xampp\htdocs\latihan_ci4\system\CodeIgniter.php(366): CodeIgniter\CodeIgniter->handleRequest(NULL, Object(Config\Cache), false)
#11 C:\xampp\htdocs\latihan_ci4\index.php(67): CodeIgniter\CodeIgniter->run()
#12 {main}
CRITICAL - 2023-07-06 13:08:38 --> Table 'toko.transaksi_detail' doesn't exist
in SYSTEMPATH\Database\MySQLi\Connection.php on line 295.
 1 SYSTEMPATH\Database\MySQLi\Connection.php(295): mysqli->query('INSERT INTO `transaksi_detail` (`id_transaksi`, `id_barang`, `jumlah`, `diskon`, `subtotal_harga`, `created_by`, `created_date`) VALUES (0, \'1\', 1, 0, 3500, \'azra\', \'2023-07-06 13:08:38\')', 0)
 2 SYSTEMPATH\Database\BaseConnection.php(692): CodeIgniter\Database\MySQLi\Connection->execute('INSERT INTO `transaksi_detail` (`id_transaksi`, `id_barang`, `jumlah`, `diskon`, `subtotal_harga`, `created_by`, `created_date`) VALUES (0, \'1\', 1, 0, 3500, \'azra\', \'2023-07-06 13:08:38\')')
 3 SYSTEMPATH\Database\BaseConnection.php(606): CodeIgniter\Database\BaseConnection->simpleQuery('INSERT INTO `transaksi_detail` (`id_transaksi`, `id_barang`, `jumlah`, `diskon`, `subtotal_harga`, `created_by`, `created_date`) VALUES (0, \'1\', 1, 0, 3500, \'azra\', \'2023-07-06 13:08:38\')')
 4 SYSTEMPATH\Database\BaseBuilder.php(2309): CodeIgniter\Database\BaseConnection->query('INSERT INTO `transaksi_detail` (`id_transaksi`, `id_barang`, `jumlah`, `diskon`, `subtotal_harga`, `created_by`, `created_date`) VALUES (:id_transaksi:, :id_barang:, :jumlah:, :diskon:, :subtotal_harga:, :created_by:, :created_date:)', [...], false)
 5 SYSTEMPATH\Model.php(330): CodeIgniter\Database\BaseBuilder->insert()
 6 SYSTEMPATH\BaseModel.php(782): CodeIgniter\Model->doInsert([...])
 7 SYSTEMPATH\Model.php(730): CodeIgniter\BaseModel->insert([...], true)
 8 APPPATH\Controllers\TransaksiController.php(194): CodeIgniter\Model->insert([...])
 9 SYSTEMPATH\CodeIgniter.php(932): App\Controllers\TransaksiController->buy()
10 SYSTEMPATH\CodeIgniter.php(497): CodeIgniter\CodeIgniter->runController(Object(App\Controllers\TransaksiController))
11 SYSTEMPATH\CodeIgniter.php(366): CodeIgniter\CodeIgniter->handleRequest(null, Object(Config\Cache), false)
12 FCPATH\index.php(67): CodeIgniter\CodeIgniter->run()
INFO - 2023-07-06 13:08:44 --> Session: Class initialized using 'CodeIgniter\Session\Handlers\FileHandler' driver.
INFO - 2023-07-06 13:08:44 --> Cart Class Initialized
INFO - 2023-07-06 13:13:31 --> Session: Class initialized using 'CodeIgniter\Session\Handlers\FileHandler' driver.
INFO - 2023-07-06 13:13:31 --> Cart Class Initialized
INFO - 2023-07-06 13:13:32 --> Session: Class initialized using 'CodeIgniter\Session\Handlers\FileHandler' driver.
INFO - 2023-07-06 13:13:32 --> Cart Class Initialized
INFO - 2023-07-06 13:13:36 --> Session: Class initialized using 'CodeIgniter\Session\Handlers\FileHandler' driver.
INFO - 2023-07-06 13:13:36 --> Cart Class Initialized
INFO - 2023-07-06 13:13:38 --> Session: Class initialized using 'CodeIgniter\Session\Handlers\FileHandler' driver.
INFO - 2023-07-06 13:13:41 --> Session: Class initialized using 'CodeIgniter\Session\Handlers\FileHandler' driver.
INFO - 2023-07-06 13:13:41 --> Cart Class Initialized
INFO - 2023-07-06 13:13:41 --> Session: Class initialized using 'CodeIgniter\Session\Handlers\FileHandler' driver.
INFO - 2023-07-06 13:13:43 --> Session: Class initialized using 'CodeIgniter\Session\Handlers\FileHandler' driver.
INFO - 2023-07-06 13:13:43 --> Cart Class Initialized
INFO - 2023-07-06 13:13:45 --> Session: Class initialized using 'CodeIgniter\Session\Handlers\FileHandler' driver.
INFO - 2023-07-06 13:13:45 --> Cart Class Initialized
INFO - 2023-07-06 13:13:49 --> Session: Class initialized using 'CodeIgniter\Session\Handlers\FileHandler' driver.
INFO - 2023-07-06 13:13:49 --> Cart Class Initialized
INFO - 2023-07-06 13:13:49 --> Session: Class initialized using 'CodeIgniter\Session\Handlers\FileHandler' driver.
INFO - 2023-07-06 13:13:49 --> Cart Class Initialized
INFO - 2023-07-06 13:19:58 --> Session: Class initialized using 'CodeIgniter\Session\Handlers\FileHandler' driver.
INFO - 2023-07-06 13:19:58 --> Session: Class initialized using 'CodeIgniter\Session\Handlers\FileHandler' driver.
INFO - 2023-07-06 13:20:02 --> Session: Class initialized using 'CodeIgniter\Session\Handlers\FileHandler' driver.
INFO - 2023-07-06 13:20:03 --> Session: Class initialized using 'CodeIgniter\Session\Handlers\FileHandler' driver.
INFO - 2023-07-06 13:20:08 --> Session: Class initialized using 'CodeIgniter\Session\Handlers\FileHandler' driver.
INFO - 2023-07-06 13:20:08 --> Session: Class initialized using 'CodeIgniter\Session\Handlers\FileHandler' driver.
INFO - 2023-07-06 13:20:10 --> Session: Class initialized using 'CodeIgniter\Session\Handlers\FileHandler' driver.
CRITICAL - 2023-07-06 13:20:10 --> Undefined array key "is_aktif"
in APPPATH\Views\pages\kelola-user.php on line 24.
 1 APPPATH\Views\pages\kelola-user.php(24): CodeIgniter\Debug\Exceptions->errorHandler(2, 'Undefined array key "is_aktif"', 'C:\\xampp\\htdocs\\latihan_ci4\\app\\Views\\pages\\kelola-user.php', 24)
 2 SYSTEMPATH\View\View.php(224): include('C:\\xampp\\htdocs\\latihan_ci4\\app\\Views\\pages\\kelola-user.php')
 3 SYSTEMPATH\View\View.php(227): CodeIgniter\View\View->CodeIgniter\View\{closure}()
 4 SYSTEMPATH\Common.php(1180): CodeIgniter\View\View->render('pages/kelola-user', [], true)
 5 APPPATH\Controllers\KelolaUserController.php(22): view('pages/kelola-user', [...])
 6 SYSTEMPATH\CodeIgniter.php(932): App\Controllers\KelolaUserController->index()
 7 SYSTEMPATH\CodeIgniter.php(497): CodeIgniter\CodeIgniter->runController(Object(App\Controllers\KelolaUserController))
 8 SYSTEMPATH\CodeIgniter.php(366): CodeIgniter\CodeIgniter->handleRequest(null, Object(Config\Cache), false)
 9 FCPATH\index.php(67): CodeIgniter\CodeIgniter->run()
INFO - 2023-07-06 13:25:50 --> Session: Class initialized using 'CodeIgniter\Session\Handlers\FileHandler' driver.
INFO - 2023-07-06 13:26:01 --> Session: Class initialized using 'CodeIgniter\Session\Handlers\FileHandler' driver.
INFO - 2023-07-06 13:26:11 --> Session: Class initialized using 'CodeIgniter\Session\Handlers\FileHandler' driver.
INFO - 2023-07-06 13:26:24 --> Session: Class initialized using 'CodeIgniter\Session\Handlers\FileHandler' driver.
INFO - 2023-07-06 13:26:28 --> Session: Class initialized using 'CodeIgniter\Session\Handlers\FileHandler' driver.
INFO - 2023-07-06 13:26:31 --> Session: Class initialized using 'CodeIgniter\Session\Handlers\FileHandler' driver.
INFO - 2023-07-06 13:26:31 --> Cart Class Initialized
INFO - 2023-07-06 13:26:41 --> Session: Class initialized using 'CodeIgniter\Session\Handlers\FileHandler' driver.
INFO - 2023-07-06 13:26:44 --> Session: Class initialized using 'CodeIgniter\Session\Handlers\FileHandler' driver.
INFO - 2023-07-06 13:27:40 --> Session: Class initialized using 'CodeIgniter\Session\Handlers\FileHandler' driver.
INFO - 2023-07-06 13:27:42 --> Session: Class initialized using 'CodeIgniter\Session\Handlers\FileHandler' driver.
INFO - 2023-07-06 13:28:23 --> Session: Class initialized using 'CodeIgniter\Session\Handlers\FileHandler' driver.
INFO - 2023-07-06 13:28:32 --> Session: Class initialized using 'CodeIgniter\Session\Handlers\FileHandler' driver.
INFO - 2023-07-06 13:28:43 --> Session: Class initialized using 'CodeIgniter\Session\Handlers\FileHandler' driver.
INFO - 2023-07-06 13:28:45 --> Session: Class initialized using 'CodeIgniter\Session\Handlers\FileHandler' driver.
INFO - 2023-07-06 15:50:13 --> Session: Class initialized using 'CodeIgniter\Session\Handlers\FileHandler' driver.
INFO - 2023-07-06 15:50:13 --> Session: Class initialized using 'CodeIgniter\Session\Handlers\FileHandler' driver.
